<?xml version="1.0" encoding="UTF-8" ?>
<testsuite failures="0" time="12.187" errors="0" skipped="0" tests="3" name="com.campaign.adrunner.AdControllerTest">
  <properties>
    <property name="java.runtime.name" value="Java(TM) SE Runtime Environment"/>
    <property name="sun.boot.library.path" value="C:\Program Files\Java\jdk1.6.0_31\jre\bin"/>
    <property name="java.vm.version" value="20.6-b01"/>
    <property name="java.vm.vendor" value="Sun Microsystems Inc."/>
    <property name="java.vendor.url" value="http://java.sun.com/"/>
    <property name="path.separator" value=";"/>
    <property name="java.vm.name" value="Java HotSpot(TM) 64-Bit Server VM"/>
    <property name="file.encoding.pkg" value="sun.io"/>
    <property name="user.country" value="US"/>
    <property name="sun.java.launcher" value="SUN_STANDARD"/>
    <property name="sun.os.patch.level" value="Service Pack 1"/>
    <property name="java.vm.specification.name" value="Java Virtual Machine Specification"/>
    <property name="user.dir" value="C:\Users\pmattam\Documents\workspace-sts\AdRunner"/>
    <property name="java.runtime.version" value="1.6.0_31-b05"/>
    <property name="java.awt.graphicsenv" value="sun.awt.Win32GraphicsEnvironment"/>
    <property name="basedir" value="C:\Users\pmattam\Documents\workspace-sts\AdRunner"/>
    <property name="java.endorsed.dirs" value="C:\Program Files\Java\jdk1.6.0_31\jre\lib\endorsed"/>
    <property name="os.arch" value="amd64"/>
    <property name="surefire.real.class.path" value="C:\Users\pmattam\Documents\workspace-sts\AdRunner\target\surefire\surefirebooter452876316807420714.jar"/>
    <property name="java.io.tmpdir" value="C:\Users\pmattam\AppData\Local\Temp\"/>
    <property name="line.separator" value="
"/>
    <property name="java.vm.specification.vendor" value="Sun Microsystems Inc."/>
    <property name="user.variant" value=""/>
    <property name="os.name" value="Windows 7"/>
    <property name="sun.jnu.encoding" value="Cp1252"/>
    <property name="java.library.path" value="C:\Program Files\Java\jdk1.6.0_31\jre\bin;C:\Windows\Sun\Java\bin;C:\Windows\system32;C:\Windows;C:\ProgramData\Oracle\Java\javapath;C:\Program Files (x86)\Intel\iCLS Client\;C:\Program Files\Intel\iCLS Client\;C:\Windows\system32;C:\Windows;C:\Windows\System32\Wbem;C:\Windows\System32\WindowsPowerShell\v1.0\;C:\windows\des_tools;C:\Windows\System32\WindowsPowerShell\v1.0\;C:\Program Files\Intel\Intel(R) Management Engine Components\DAL;C:\Program Files\Intel\Intel(R) Management Engine Components\IPT;C:\Program Files (x86)\Intel\Intel(R) Management Engine Components\DAL;C:\Program Files (x86)\Intel\Intel(R) Management Engine Components\IPT;C:\Program Files (x86)\WebEx\Productivity Tools;C:\Program Files\AppSense\Application Manager\Agent\Plugins\EcaRulesEngine\;C:\Program Files (x86)\Sennheiser\SoftphoneSDK\;C:\Program Files (x86)\IBM\WebSphere MQ\bin64;C:\Program Files (x86)\IBM\WebSphere MQ\bin;C:\Program Files (x86)\IBM\WebSphere MQ\tools\c\samples\bin;C:\Program Files (x86)\PuTTY\;C:\Program Files\TortoiseSVN\bin;C:\Apache\apache-maven-2.2.1\bin;C:\Program Files\JAVA\jre6\bin;C:\Program Files\Git\cmd;C:\Program Files (x86)\IDM Computer Solutions\UltraEdit;C:\Windows\System32\WindowsPowerShell\v1.0\;C:\Program Files (x86)\nodejs\;C:\Users\pmattam\AppData\Roaming\npm;."/>
    <property name="surefire.test.class.path" value="C:\Users\pmattam\Documents\workspace-sts\AdRunner\target\test-classes;C:\Users\pmattam\Documents\workspace-sts\AdRunner\target\classes;C:\Users\pmattam\.m2\repository\org\codehaus\jackson\jackson-mapper-asl\1.9.13\jackson-mapper-asl-1.9.13.jar;C:\Users\pmattam\.m2\repository\org\codehaus\jackson\jackson-core-asl\1.9.13\jackson-core-asl-1.9.13.jar;C:\Users\pmattam\.m2\repository\org\springframework\spring-context\3.2.3.RELEASE\spring-context-3.2.3.RELEASE.jar;C:\Users\pmattam\.m2\repository\org\springframework\spring-aop\3.2.3.RELEASE\spring-aop-3.2.3.RELEASE.jar;C:\Users\pmattam\.m2\repository\aopalliance\aopalliance\1.0\aopalliance-1.0.jar;C:\Users\pmattam\.m2\repository\org\springframework\spring-beans\3.2.3.RELEASE\spring-beans-3.2.3.RELEASE.jar;C:\Users\pmattam\.m2\repository\org\springframework\spring-core\3.2.3.RELEASE\spring-core-3.2.3.RELEASE.jar;C:\Users\pmattam\.m2\repository\org\springframework\spring-expression\3.2.3.RELEASE\spring-expression-3.2.3.RELEASE.jar;C:\Users\pmattam\.m2\repository\org\springframework\spring-webmvc\3.2.3.RELEASE\spring-webmvc-3.2.3.RELEASE.jar;C:\Users\pmattam\.m2\repository\org\springframework\spring-web\3.2.3.RELEASE\spring-web-3.2.3.RELEASE.jar;C:\Users\pmattam\.m2\repository\org\aspectj\aspectjrt\1.6.10\aspectjrt-1.6.10.jar;C:\Users\pmattam\.m2\repository\org\slf4j\slf4j-api\1.6.6\slf4j-api-1.6.6.jar;C:\Users\pmattam\.m2\repository\org\slf4j\jcl-over-slf4j\1.6.6\jcl-over-slf4j-1.6.6.jar;C:\Users\pmattam\.m2\repository\org\slf4j\slf4j-log4j12\1.6.6\slf4j-log4j12-1.6.6.jar;C:\Users\pmattam\.m2\repository\log4j\log4j\1.2.15\log4j-1.2.15.jar;C:\Users\pmattam\.m2\repository\javax\inject\javax.inject\1\javax.inject-1.jar;C:\Users\pmattam\.m2\repository\javax\servlet\servlet-api\2.5\servlet-api-2.5.jar;C:\Users\pmattam\.m2\repository\javax\servlet\jsp\jsp-api\2.1\jsp-api-2.1.jar;C:\Users\pmattam\.m2\repository\javax\servlet\jstl\1.2\jstl-1.2.jar;C:\Users\pmattam\.m2\repository\org\hamcrest\hamcrest-all\1.3\hamcrest-all-1.3.jar;C:\Users\pmattam\.m2\repository\junit\junit\4.11\junit-4.11.jar;C:\Users\pmattam\.m2\repository\org\mockito\mockito-core\1.9.5\mockito-core-1.9.5.jar;C:\Users\pmattam\.m2\repository\org\hamcrest\hamcrest-core\1.1\hamcrest-core-1.1.jar;C:\Users\pmattam\.m2\repository\org\objenesis\objenesis\1.0\objenesis-1.0.jar;C:\Users\pmattam\.m2\repository\org\springframework\spring-test\3.2.3.RELEASE\spring-test-3.2.3.RELEASE.jar;C:\Users\pmattam\.m2\repository\com\jayway\jsonpath\json-path\0.8.1\json-path-0.8.1.jar;C:\Users\pmattam\.m2\repository\net\minidev\json-smart\1.1.1\json-smart-1.1.1.jar;C:\Users\pmattam\.m2\repository\commons-lang\commons-lang\2.6\commons-lang-2.6.jar;C:\Users\pmattam\.m2\repository\com\jayway\jsonpath\json-path-assert\0.8.1\json-path-assert-0.8.1.jar;C:\Users\pmattam\.m2\repository\org\hamcrest\hamcrest-library\1.2.1\hamcrest-library-1.2.1.jar;"/>
    <property name="java.specification.name" value="Java Platform API Specification"/>
    <property name="java.class.version" value="50.0"/>
    <property name="sun.management.compiler" value="HotSpot 64-Bit Tiered Compilers"/>
    <property name="os.version" value="6.1"/>
    <property name="user.home" value="C:\Users\pmattam"/>
    <property name="user.timezone" value="America/New_York"/>
    <property name="java.awt.printerjob" value="sun.awt.windows.WPrinterJob"/>
    <property name="java.specification.version" value="1.6"/>
    <property name="file.encoding" value="Cp1252"/>
    <property name="user.name" value="pmattam"/>
    <property name="java.class.path" value="C:\Users\pmattam\Documents\workspace-sts\AdRunner\target\test-classes;C:\Users\pmattam\Documents\workspace-sts\AdRunner\target\classes;C:\Users\pmattam\.m2\repository\org\codehaus\jackson\jackson-mapper-asl\1.9.13\jackson-mapper-asl-1.9.13.jar;C:\Users\pmattam\.m2\repository\org\codehaus\jackson\jackson-core-asl\1.9.13\jackson-core-asl-1.9.13.jar;C:\Users\pmattam\.m2\repository\org\springframework\spring-context\3.2.3.RELEASE\spring-context-3.2.3.RELEASE.jar;C:\Users\pmattam\.m2\repository\org\springframework\spring-aop\3.2.3.RELEASE\spring-aop-3.2.3.RELEASE.jar;C:\Users\pmattam\.m2\repository\aopalliance\aopalliance\1.0\aopalliance-1.0.jar;C:\Users\pmattam\.m2\repository\org\springframework\spring-beans\3.2.3.RELEASE\spring-beans-3.2.3.RELEASE.jar;C:\Users\pmattam\.m2\repository\org\springframework\spring-core\3.2.3.RELEASE\spring-core-3.2.3.RELEASE.jar;C:\Users\pmattam\.m2\repository\org\springframework\spring-expression\3.2.3.RELEASE\spring-expression-3.2.3.RELEASE.jar;C:\Users\pmattam\.m2\repository\org\springframework\spring-webmvc\3.2.3.RELEASE\spring-webmvc-3.2.3.RELEASE.jar;C:\Users\pmattam\.m2\repository\org\springframework\spring-web\3.2.3.RELEASE\spring-web-3.2.3.RELEASE.jar;C:\Users\pmattam\.m2\repository\org\aspectj\aspectjrt\1.6.10\aspectjrt-1.6.10.jar;C:\Users\pmattam\.m2\repository\org\slf4j\slf4j-api\1.6.6\slf4j-api-1.6.6.jar;C:\Users\pmattam\.m2\repository\org\slf4j\jcl-over-slf4j\1.6.6\jcl-over-slf4j-1.6.6.jar;C:\Users\pmattam\.m2\repository\org\slf4j\slf4j-log4j12\1.6.6\slf4j-log4j12-1.6.6.jar;C:\Users\pmattam\.m2\repository\log4j\log4j\1.2.15\log4j-1.2.15.jar;C:\Users\pmattam\.m2\repository\javax\inject\javax.inject\1\javax.inject-1.jar;C:\Users\pmattam\.m2\repository\javax\servlet\servlet-api\2.5\servlet-api-2.5.jar;C:\Users\pmattam\.m2\repository\javax\servlet\jsp\jsp-api\2.1\jsp-api-2.1.jar;C:\Users\pmattam\.m2\repository\javax\servlet\jstl\1.2\jstl-1.2.jar;C:\Users\pmattam\.m2\repository\org\hamcrest\hamcrest-all\1.3\hamcrest-all-1.3.jar;C:\Users\pmattam\.m2\repository\junit\junit\4.11\junit-4.11.jar;C:\Users\pmattam\.m2\repository\org\mockito\mockito-core\1.9.5\mockito-core-1.9.5.jar;C:\Users\pmattam\.m2\repository\org\hamcrest\hamcrest-core\1.1\hamcrest-core-1.1.jar;C:\Users\pmattam\.m2\repository\org\objenesis\objenesis\1.0\objenesis-1.0.jar;C:\Users\pmattam\.m2\repository\org\springframework\spring-test\3.2.3.RELEASE\spring-test-3.2.3.RELEASE.jar;C:\Users\pmattam\.m2\repository\com\jayway\jsonpath\json-path\0.8.1\json-path-0.8.1.jar;C:\Users\pmattam\.m2\repository\net\minidev\json-smart\1.1.1\json-smart-1.1.1.jar;C:\Users\pmattam\.m2\repository\commons-lang\commons-lang\2.6\commons-lang-2.6.jar;C:\Users\pmattam\.m2\repository\com\jayway\jsonpath\json-path-assert\0.8.1\json-path-assert-0.8.1.jar;C:\Users\pmattam\.m2\repository\org\hamcrest\hamcrest-library\1.2.1\hamcrest-library-1.2.1.jar;"/>
    <property name="java.vm.specification.version" value="1.0"/>
    <property name="sun.arch.data.model" value="64"/>
    <property name="java.home" value="C:\Program Files\Java\jdk1.6.0_31\jre"/>
    <property name="sun.java.command" value="C:\Users\pmattam\Documents\workspace-sts\AdRunner\target\surefire\surefirebooter452876316807420714.jar C:\Users\pmattam\Documents\workspace-sts\AdRunner\target\surefire\surefire2954035985062595827tmp C:\Users\pmattam\Documents\workspace-sts\AdRunner\target\surefire\surefire4138139902025607197tmp"/>
    <property name="java.specification.vendor" value="Sun Microsystems Inc."/>
    <property name="user.language" value="en"/>
    <property name="awt.toolkit" value="sun.awt.windows.WToolkit"/>
    <property name="java.vm.info" value="mixed mode"/>
    <property name="java.version" value="1.6.0_31"/>
    <property name="java.ext.dirs" value="C:\Program Files\Java\jdk1.6.0_31\jre\lib\ext;C:\Windows\Sun\Java\lib\ext"/>
    <property name="sun.boot.class.path" value="C:\Program Files\Java\jdk1.6.0_31\jre\lib\resources.jar;C:\Program Files\Java\jdk1.6.0_31\jre\lib\rt.jar;C:\Program Files\Java\jdk1.6.0_31\jre\lib\sunrsasign.jar;C:\Program Files\Java\jdk1.6.0_31\jre\lib\jsse.jar;C:\Program Files\Java\jdk1.6.0_31\jre\lib\jce.jar;C:\Program Files\Java\jdk1.6.0_31\jre\lib\charsets.jar;C:\Program Files\Java\jdk1.6.0_31\jre\lib\modules\jdk.boot.jar;C:\Program Files\Java\jdk1.6.0_31\jre\classes"/>
    <property name="java.vendor" value="Sun Microsystems Inc."/>
    <property name="localRepository" value="C:\Users\pmattam\.m2\repository"/>
    <property name="file.separator" value="\"/>
    <property name="java.vendor.url.bug" value="http://java.sun.com/cgi-bin/bugreport.cgi"/>
    <property name="sun.cpu.endian" value="little"/>
    <property name="sun.io.unicode.encoding" value="UnicodeLittle"/>
    <property name="sun.desktop" value="windows"/>
    <property name="sun.cpu.isalist" value="amd64"/>
  </properties>
  <testcase time="1.785" classname="com.campaign.adrunner.AdControllerTest" name="findAd"/>
  <testcase time="10.051" classname="com.campaign.adrunner.AdControllerTest" name="postAd"/>
  <testcase time="0.01" classname="com.campaign.adrunner.AdControllerTest" name="deleteAd"/>
</testsuite>